# JRE version: OpenJDK Runtime Environment (21.0.9) (build 21.0.9+-14649483-b1163.86)
# Java VM: OpenJDK 64-Bit Server VM (21.0.9+-14649483-b1163.86, mixed mode, tiered, compressed oops, compressed class ptrs, g1 gc, windows-amd64)
GC Precious Log:
 CardTable entry size: 512
 Card Set container configuration: InlinePtr #cards 5 size 8 Array Of Cards #cards 12 size 40 Howl #buckets 4 coarsen threshold 1843 Howl Bitmap #cards 512 size 80 coarsen threshold 460 Card regions per heap region 1 cards per card region 2048
 CPUs: 22 total, 22 available
 Memory: 15868M
 Large Page Support: Disabled
 NUMA Support: Disabled
 Compressed Oops: Enabled (32-bit)
 Heap Region Size: 1M
 Heap Min Capacity: 8M
 Heap Initial Capacity: 248M
 Heap Max Capacity: 2G
 Pre-touch: Disabled
 Parallel Workers: 16
 Concurrent Workers: 4
 Concurrent Refinement Workers: 16
 Periodic GC: Disabled
Heap:
 garbage-first heap   total 369664K, used 242563K [0x0000000080000000, 0x0000000100000000)
  region size 1024K, 79 young (80896K), 16 survivors (16384K)
 Metaspace       used 163847K, committed 166400K, reserved 1245184K
  class space    used 22762K, committed 24000K, reserved 1048576K
GC Heap History (20 events):
Event: 466.852 GC heap before
{Heap before GC invocations=71 (full 0):
 garbage-first heap   total 348160K, used 302186K [0x0000000080000000, 0x0000000100000000)
  region size 1024K, 114 young (116736K), 4 survivors (4096K)
 Metaspace       used 161145K, committed 163648K, reserved 1245184K
  class space    used 22471K, committed 23680K, reserved 1048576K
}
Event: 466.855 GC heap after
{Heap after GC invocations=72 (full 0):
 garbage-first heap   total 348160K, used 190916K [0x0000000080000000, 0x0000000100000000)
  region size 1024K, 5 young (5120K), 5 survivors (5120K)
 Metaspace       used 161145K, committed 163648K, reserved 1245184K
  class space    used 22471K, committed 23680K, reserved 1048576K
}
Event: 466.932 GC heap before
{Heap before GC invocations=72 (full 0):
 garbage-first heap   total 348160K, used 306628K [0x0000000080000000, 0x0000000100000000)
  region size 1024K, 119 young (121856K), 5 survivors (5120K)
 Metaspace       used 161149K, committed 163648K, reserved 1245184K
  class space    used 22471K, committed 23680K, reserved 1048576K
}
Event: 466.936 GC heap after
{Heap after GC invocations=73 (full 0):
 garbage-first heap   total 348160K, used 186304K [0x0000000080000000, 0x0000000100000000)
  region size 1024K, 6 young (6144K), 6 survivors (6144K)
 Metaspace       used 161149K, committed 163648K, reserved 1245184K
  class space    used 22471K, committed 23680K, reserved 1048576K
}
Event: 467.083 GC heap before
{Heap before GC invocations=73 (full 0):
 garbage-first heap   total 348160K, used 310208K [0x0000000080000000, 0x0000000100000000)
  region size 1024K, 128 young (131072K), 6 survivors (6144K)
 Metaspace       used 161183K, committed 163776K, reserved 1245184K
  class space    used 22475K, committed 23744K, reserved 1048576K
}
Event: 467.087 GC heap after
{Heap after GC invocations=74 (full 0):
 garbage-first heap   total 348160K, used 187012K [0x0000000080000000, 0x0000000100000000)
  region size 1024K, 7 young (7168K), 7 survivors (7168K)
 Metaspace       used 161183K, committed 163776K, reserved 1245184K
  class space    used 22475K, committed 23744K, reserved 1048576K
}
Event: 468.947 GC heap before
{Heap before GC invocations=75 (full 0):
 garbage-first heap   total 348160K, used 345732K [0x0000000080000000, 0x0000000100000000)
  region size 1024K, 119 young (121856K), 7 survivors (7168K)
 Metaspace       used 163139K, committed 165696K, reserved 1245184K
  class space    used 22706K, committed 23936K, reserved 1048576K
}
Event: 468.954 GC heap after
{Heap after GC invocations=76 (full 0):
 garbage-first heap   total 359424K, used 211861K [0x0000000080000000, 0x0000000100000000)
  region size 1024K, 11 young (11264K), 11 survivors (11264K)
 Metaspace       used 163139K, committed 165696K, reserved 1245184K
  class space    used 22706K, committed 23936K, reserved 1048576K
}
Event: 491.884 GC heap before
{Heap before GC invocations=76 (full 0):
 garbage-first heap   total 359424K, used 351125K [0x0000000080000000, 0x0000000100000000)
  region size 1024K, 130 young (133120K), 11 survivors (11264K)
 Metaspace       used 163254K, committed 165824K, reserved 1245184K
  class space    used 22723K, committed 23936K, reserved 1048576K
}
Event: 491.892 GC heap after
{Heap after GC invocations=77 (full 0):
 garbage-first heap   total 369664K, used 174765K [0x0000000080000000, 0x0000000100000000)
  region size 1024K, 7 young (7168K), 7 survivors (7168K)
 Metaspace       used 163254K, committed 165824K, reserved 1245184K
  class space    used 22723K, committed 23936K, reserved 1048576K
}
Event: 671.911 GC heap before
{Heap before GC invocations=77 (full 0):
 garbage-first heap   total 369664K, used 336557K [0x0000000080000000, 0x0000000100000000)
  region size 1024K, 165 young (168960K), 7 survivors (7168K)
 Metaspace       used 163263K, committed 165824K, reserved 1245184K
  class space    used 22723K, committed 23936K, reserved 1048576K
}
Event: 671.928 GC heap after
{Heap after GC invocations=78 (full 0):
 garbage-first heap   total 369664K, used 174544K [0x0000000080000000, 0x0000000100000000)
  region size 1024K, 6 young (6144K), 6 survivors (6144K)
 Metaspace       used 163263K, committed 165824K, reserved 1245184K
  class space    used 22723K, committed 23936K, reserved 1048576K
}
Event: 861.910 GC heap before
{Heap before GC invocations=79 (full 0):
 garbage-first heap   total 369664K, used 342480K [0x0000000080000000, 0x0000000100000000)
  region size 1024K, 170 young (174080K), 6 survivors (6144K)
 Metaspace       used 162973K, committed 165632K, reserved 1245184K
  class space    used 22701K, committed 23936K, reserved 1048576K
}
Event: 861.953 GC heap after
{Heap after GC invocations=80 (full 0):
 garbage-first heap   total 369664K, used 174045K [0x0000000080000000, 0x0000000100000000)
  region size 1024K, 6 young (6144K), 6 survivors (6144K)
 Metaspace       used 162973K, committed 165632K, reserved 1245184K
  class space    used 22701K, committed 23936K, reserved 1048576K
}
Event: 922.381 GC heap before
{Heap before GC invocations=80 (full 0):
 garbage-first heap   total 369664K, used 346077K [0x0000000080000000, 0x0000000100000000)
  region size 1024K, 175 young (179200K), 6 survivors (6144K)
 Metaspace       used 163257K, committed 165760K, reserved 1245184K
  class space    used 22720K, committed 23936K, reserved 1048576K
}
Event: 922.408 GC heap after
{Heap after GC invocations=81 (full 0):
 garbage-first heap   total 369664K, used 173891K [0x0000000080000000, 0x0000000100000000)
  region size 1024K, 15 young (15360K), 15 survivors (15360K)
 Metaspace       used 163257K, committed 165760K, reserved 1245184K
  class space    used 22720K, committed 23936K, reserved 1048576K
}
Event: 1071.880 GC heap before
{Heap before GC invocations=81 (full 0):
 garbage-first heap   total 369664K, used 343875K [0x0000000080000000, 0x0000000100000000)
  region size 1024K, 181 young (185344K), 15 survivors (15360K)
 Metaspace       used 163278K, committed 165760K, reserved 1245184K
  class space    used 22720K, committed 23936K, reserved 1048576K
}
Event: 1071.916 GC heap after
{Heap after GC invocations=82 (full 0):
 garbage-first heap   total 369664K, used 174101K [0x0000000080000000, 0x0000000100000000)
  region size 1024K, 13 young (13312K), 13 survivors (13312K)
 Metaspace       used 163278K, committed 165760K, reserved 1245184K
  class space    used 22720K, committed 23936K, reserved 1048576K
}
Event: 1172.986 GC heap before
{Heap before GC invocations=83 (full 0):
 garbage-first heap   total 369664K, used 346133K [0x0000000080000000, 0x0000000100000000)
  region size 1024K, 183 young (187392K), 13 survivors (13312K)
 Metaspace       used 163344K, committed 165824K, reserved 1245184K
  class space    used 22720K, committed 23936K, reserved 1048576K
}
Event: 1172.998 GC heap after
{Heap after GC invocations=84 (full 0):
 garbage-first heap   total 369664K, used 176003K [0x0000000080000000, 0x0000000100000000)
  region size 1024K, 16 young (16384K), 16 survivors (16384K)
 Metaspace       used 163344K, committed 165824K, reserved 1245184K
  class space    used 22720K, committed 23936K, reserved 1048576K
}

